<?xml version="1.0" encoding="UTF-8"?>
<testsuite name="com.mysite.sbb.SbbApplicationTests" tests="1" skipped="0" failures="0" errors="0" timestamp="2023-12-13T04:25:21" hostname="Sub-MacBookPro.local" time="5.695">
  <properties/>
  <testcase name="testJpa()" classname="com.mysite.sbb.SbbApplicationTests" time="5.695"/>
  <system-out><![CDATA[13:25:03.303 [Test worker] INFO org.springframework.test.context.support.AnnotationConfigContextLoaderUtils -- Could not detect default configuration classes for test class [com.mysite.sbb.SbbApplicationTests]: SbbApplicationTests does not declare any static, non-private, non-final, nested classes annotated with @Configuration.
13:25:03.677 [Test worker] INFO org.springframework.boot.test.context.SpringBootTestContextBootstrapper -- Found @SpringBootConfiguration com.mysite.sbb.SbbApplication for test class com.mysite.sbb.SbbApplicationTests

  .   ____          _            __ _ _
 /\\ / ___'_ __ _ _(_)_ __  __ _ \ \ \ \
( ( )\___ | '_ | '_| | '_ \/ _` | \ \ \ \
 \\/  ___)| |_)| | | | | || (_| |  ) ) ) )
  '  |____| .__|_| |_|_| |_\__, | / / / /
 =========|_|==============|___/=/_/_/_/
 :: Spring Boot ::                (v3.2.0)

2023-12-13T13:25:05.159+09:00  INFO 5366 --- [    Test worker] com.mysite.sbb.SbbApplicationTests       : Starting SbbApplicationTests using Java 17.0.2 with PID 5366 (started by macbook in /Users/macbook/Desktop/Web_Programming/sbb)
2023-12-13T13:25:05.172+09:00  INFO 5366 --- [    Test worker] com.mysite.sbb.SbbApplicationTests       : No active profile set, falling back to 1 default profile: "default"
2023-12-13T13:25:08.124+09:00  INFO 5366 --- [    Test worker] .s.d.r.c.RepositoryConfigurationDelegate : Bootstrapping Spring Data JPA repositories in DEFAULT mode.
2023-12-13T13:25:08.442+09:00  INFO 5366 --- [    Test worker] .s.d.r.c.RepositoryConfigurationDelegate : Finished Spring Data repository scanning in 234 ms. Found 3 JPA repository interfaces.
2023-12-13T13:25:10.159+09:00  INFO 5366 --- [    Test worker] o.hibernate.jpa.internal.util.LogHelper  : HHH000204: Processing PersistenceUnitInfo [name: default]
2023-12-13T13:25:10.402+09:00  INFO 5366 --- [    Test worker] org.hibernate.Version                    : HHH000412: Hibernate ORM core version 6.3.1.Final
2023-12-13T13:25:10.588+09:00  INFO 5366 --- [    Test worker] o.h.c.internal.RegionFactoryInitiator    : HHH000026: Second-level cache disabled
2023-12-13T13:25:11.453+09:00  INFO 5366 --- [    Test worker] o.s.o.j.p.SpringPersistenceUnitInfo      : No LoadTimeWeaver setup: ignoring JPA class transformer
2023-12-13T13:25:11.518+09:00  INFO 5366 --- [    Test worker] com.zaxxer.hikari.HikariDataSource       : HikariPool-1 - Starting...
2023-12-13T13:25:12.300+09:00  INFO 5366 --- [    Test worker] com.zaxxer.hikari.pool.HikariPool        : HikariPool-1 - Added connection conn0: url=jdbc:h2:~/local user=SA
2023-12-13T13:25:12.305+09:00  INFO 5366 --- [    Test worker] com.zaxxer.hikari.HikariDataSource       : HikariPool-1 - Start completed.
2023-12-13T13:25:12.388+09:00  WARN 5366 --- [    Test worker] org.hibernate.orm.deprecation            : HHH90000025: H2Dialect does not need to be specified explicitly using 'hibernate.dialect' (remove the property setting and it will be selected by default)
2023-12-13T13:25:15.390+09:00  INFO 5366 --- [    Test worker] o.h.e.t.j.p.i.JtaPlatformInitiator       : HHH000489: No JTA platform available (set 'hibernate.transaction.jta.platform' to enable JTA platform integration)
2023-12-13T13:25:15.660+09:00  INFO 5366 --- [    Test worker] j.LocalContainerEntityManagerFactoryBean : Initialized JPA EntityManagerFactory for persistence unit 'default'
2023-12-13T13:25:16.940+09:00  INFO 5366 --- [    Test worker] o.s.d.j.r.query.QueryEnhancerFactory     : Hibernate is in classpath; If applicable, HQL parser will be used.
2023-12-13T13:25:18.782+09:00  WARN 5366 --- [    Test worker] JpaBaseConfiguration$JpaWebConfiguration : spring.jpa.open-in-view is enabled by default. Therefore, database queries may be performed during view rendering. Explicitly configure spring.jpa.open-in-view to disable this warning
2023-12-13T13:25:20.044+09:00  INFO 5366 --- [    Test worker] o.s.s.web.DefaultSecurityFilterChain     : Will secure any request with [org.springframework.security.web.session.DisableEncodeUrlFilter@2fd79ac6, org.springframework.security.web.context.request.async.WebAsyncManagerIntegrationFilter@1215982f, org.springframework.security.web.context.SecurityContextHolderFilter@53a2dbf2, org.springframework.security.web.header.HeaderWriterFilter@16bba8ae, org.springframework.web.filter.CorsFilter@233202aa, org.springframework.security.web.csrf.CsrfFilter@7af85b32, org.springframework.security.web.authentication.logout.LogoutFilter@4a65ce06, org.springframework.security.web.authentication.UsernamePasswordAuthenticationFilter@466d87a1, org.springframework.security.web.savedrequest.RequestCacheAwareFilter@205c5cd0, org.springframework.security.web.servletapi.SecurityContextHolderAwareRequestFilter@7a4efee2, org.springframework.security.web.authentication.AnonymousAuthenticationFilter@6e7d874c, org.springframework.security.web.access.ExceptionTranslationFilter@46c6541f, org.springframework.security.web.access.intercept.AuthorizationFilter@4101d2c7]
2023-12-13T13:25:21.077+09:00  INFO 5366 --- [    Test worker] o.s.b.a.h2.H2ConsoleAutoConfiguration    : H2 console available at '/h2-console'. Database available at 'jdbc:h2:~/local'
2023-12-13T13:25:21.364+09:00  INFO 5366 --- [    Test worker] com.mysite.sbb.SbbApplicationTests       : Started SbbApplicationTests in 16.97 seconds (process running for 20.098)
Hibernate: 
    insert 
    into
        question
        (author_id, content, create_date, modify_date, subject, id) 
    values
        (?, ?, ?, ?, ?, default)
Hibernate: 
    insert 
    into
        question
        (author_id, content, create_date, modify_date, subject, id) 
    values
        (?, ?, ?, ?, ?, default)
Hibernate: 
    insert 
    into
        question
        (author_id, content, create_date, modify_date, subject, id) 
    values
        (?, ?, ?, ?, ?, default)
Hibernate: 
    insert 
    into
        question
        (author_id, content, create_date, modify_date, subject, id) 
    values
        (?, ?, ?, ?, ?, default)
Hibernate: 
    insert 
    into
        question
        (author_id, content, create_date, modify_date, subject, id) 
    values
        (?, ?, ?, ?, ?, default)
Hibernate: 
    insert 
    into
        question
        (author_id, content, create_date, modify_date, subject, id) 
    values
        (?, ?, ?, ?, ?, default)
Hibernate: 
    insert 
    into
        question
        (author_id, content, create_date, modify_date, subject, id) 
    values
        (?, ?, ?, ?, ?, default)
Hibernate: 
    insert 
    into
        question
        (author_id, content, create_date, modify_date, subject, id) 
    values
        (?, ?, ?, ?, ?, default)
Hibernate: 
    insert 
    into
        question
        (author_id, content, create_date, modify_date, subject, id) 
    values
        (?, ?, ?, ?, ?, default)
Hibernate: 
    insert 
    into
        question
        (author_id, content, create_date, modify_date, subject, id) 
    values
        (?, ?, ?, ?, ?, default)
Hibernate: 
    insert 
    into
        question
        (author_id, content, create_date, modify_date, subject, id) 
    values
        (?, ?, ?, ?, ?, default)
Hibernate: 
    insert 
    into
        question
        (author_id, content, create_date, modify_date, subject, id) 
    values
        (?, ?, ?, ?, ?, default)
Hibernate: 
    insert 
    into
        question
        (author_id, content, create_date, modify_date, subject, id) 
    values
        (?, ?, ?, ?, ?, default)
Hibernate: 
    insert 
    into
        question
        (author_id, content, create_date, modify_date, subject, id) 
    values
        (?, ?, ?, ?, ?, default)
Hibernate: 
    insert 
    into
        question
        (author_id, content, create_date, modify_date, subject, id) 
    values
        (?, ?, ?, ?, ?, default)
Hibernate: 
    insert 
    into
        question
        (author_id, content, create_date, modify_date, subject, id) 
    values
        (?, ?, ?, ?, ?, default)
Hibernate: 
    insert 
    into
        question
        (author_id, content, create_date, modify_date, subject, id) 
    values
        (?, ?, ?, ?, ?, default)
Hibernate: 
    insert 
    into
        question
        (author_id, content, create_date, modify_date, subject, id) 
    values
        (?, ?, ?, ?, ?, default)
Hibernate: 
    insert 
    into
        question
        (author_id, content, create_date, modify_date, subject, id) 
    values
        (?, ?, ?, ?, ?, default)
Hibernate: 
    insert 
    into
        question
        (author_id, content, create_date, modify_date, subject, id) 
    values
        (?, ?, ?, ?, ?, default)
Hibernate: 
    insert 
    into
        question
        (author_id, content, create_date, modify_date, subject, id) 
    values
        (?, ?, ?, ?, ?, default)
Hibernate: 
    insert 
    into
        question
        (author_id, content, create_date, modify_date, subject, id) 
    values
        (?, ?, ?, ?, ?, default)
Hibernate: 
    insert 
    into
        question
        (author_id, content, create_date, modify_date, subject, id) 
    values
        (?, ?, ?, ?, ?, default)
Hibernate: 
    insert 
    into
        question
        (author_id, content, create_date, modify_date, subject, id) 
    values
        (?, ?, ?, ?, ?, default)
Hibernate: 
    insert 
    into
        question
        (author_id, content, create_date, modify_date, subject, id) 
    values
        (?, ?, ?, ?, ?, default)
Hibernate: 
    insert 
    into
        question
        (author_id, content, create_date, modify_date, subject, id) 
    values
        (?, ?, ?, ?, ?, default)
Hibernate: 
    insert 
    into
        question
        (author_id, content, create_date, modify_date, subject, id) 
    values
        (?, ?, ?, ?, ?, default)
Hibernate: 
    insert 
    into
        question
        (author_id, content, create_date, modify_date, subject, id) 
    values
        (?, ?, ?, ?, ?, default)
Hibernate: 
    insert 
    into
        question
        (author_id, content, create_date, modify_date, subject, id) 
    values
        (?, ?, ?, ?, ?, default)
Hibernate: 
    insert 
    into
        question
        (author_id, content, create_date, modify_date, subject, id) 
    values
        (?, ?, ?, ?, ?, default)
Hibernate: 
    insert 
    into
        question
        (author_id, content, create_date, modify_date, subject, id) 
    values
        (?, ?, ?, ?, ?, default)
Hibernate: 
    insert 
    into
        question
        (author_id, content, create_date, modify_date, subject, id) 
    values
        (?, ?, ?, ?, ?, default)
Hibernate: 
    insert 
    into
        question
        (author_id, content, create_date, modify_date, subject, id) 
    values
        (?, ?, ?, ?, ?, default)
Hibernate: 
    insert 
    into
        question
        (author_id, content, create_date, modify_date, subject, id) 
    values
        (?, ?, ?, ?, ?, default)
Hibernate: 
    insert 
    into
        question
        (author_id, content, create_date, modify_date, subject, id) 
    values
        (?, ?, ?, ?, ?, default)
Hibernate: 
    insert 
    into
        question
        (author_id, content, create_date, modify_date, subject, id) 
    values
        (?, ?, ?, ?, ?, default)
Hibernate: 
    insert 
    into
        question
        (author_id, content, create_date, modify_date, subject, id) 
    values
        (?, ?, ?, ?, ?, default)
Hibernate: 
    insert 
    into
        question
        (author_id, content, create_date, modify_date, subject, id) 
    values
        (?, ?, ?, ?, ?, default)
Hibernate: 
    insert 
    into
        question
        (author_id, content, create_date, modify_date, subject, id) 
    values
        (?, ?, ?, ?, ?, default)
Hibernate: 
    insert 
    into
        question
        (author_id, content, create_date, modify_date, subject, id) 
    values
        (?, ?, ?, ?, ?, default)
Hibernate: 
    insert 
    into
        question
        (author_id, content, create_date, modify_date, subject, id) 
    values
        (?, ?, ?, ?, ?, default)
Hibernate: 
    insert 
    into
        question
        (author_id, content, create_date, modify_date, subject, id) 
    values
        (?, ?, ?, ?, ?, default)
Hibernate: 
    insert 
    into
        question
        (author_id, content, create_date, modify_date, subject, id) 
    values
        (?, ?, ?, ?, ?, default)
Hibernate: 
    insert 
    into
        question
        (author_id, content, create_date, modify_date, subject, id) 
    values
        (?, ?, ?, ?, ?, default)
Hibernate: 
    insert 
    into
        question
        (author_id, content, create_date, modify_date, subject, id) 
    values
        (?, ?, ?, ?, ?, default)
Hibernate: 
    insert 
    into
        question
        (author_id, content, create_date, modify_date, subject, id) 
    values
        (?, ?, ?, ?, ?, default)
Hibernate: 
    insert 
    into
        question
        (author_id, content, create_date, modify_date, subject, id) 
    values
        (?, ?, ?, ?, ?, default)
Hibernate: 
    insert 
    into
        question
        (author_id, content, create_date, modify_date, subject, id) 
    values
        (?, ?, ?, ?, ?, default)
Hibernate: 
    insert 
    into
        question
        (author_id, content, create_date, modify_date, subject, id) 
    values
        (?, ?, ?, ?, ?, default)
Hibernate: 
    insert 
    into
        question
        (author_id, content, create_date, modify_date, subject, id) 
    values
        (?, ?, ?, ?, ?, default)
Hibernate: 
    insert 
    into
        question
        (author_id, content, create_date, modify_date, subject, id) 
    values
        (?, ?, ?, ?, ?, default)
Hibernate: 
    insert 
    into
        question
        (author_id, content, create_date, modify_date, subject, id) 
    values
        (?, ?, ?, ?, ?, default)
Hibernate: 
    insert 
    into
        question
        (author_id, content, create_date, modify_date, subject, id) 
    values
        (?, ?, ?, ?, ?, default)
Hibernate: 
    insert 
    into
        question
        (author_id, content, create_date, modify_date, subject, id) 
    values
        (?, ?, ?, ?, ?, default)
Hibernate: 
    insert 
    into
        question
        (author_id, content, create_date, modify_date, subject, id) 
    values
        (?, ?, ?, ?, ?, default)
Hibernate: 
    insert 
    into
        question
        (author_id, content, create_date, modify_date, subject, id) 
    values
        (?, ?, ?, ?, ?, default)
Hibernate: 
    insert 
    into
        question
        (author_id, content, create_date, modify_date, subject, id) 
    values
        (?, ?, ?, ?, ?, default)
Hibernate: 
    insert 
    into
        question
        (author_id, content, create_date, modify_date, subject, id) 
    values
        (?, ?, ?, ?, ?, default)
Hibernate: 
    insert 
    into
        question
        (author_id, content, create_date, modify_date, subject, id) 
    values
        (?, ?, ?, ?, ?, default)
Hibernate: 
    insert 
    into
        question
        (author_id, content, create_date, modify_date, subject, id) 
    values
        (?, ?, ?, ?, ?, default)
Hibernate: 
    insert 
    into
        question
        (author_id, content, create_date, modify_date, subject, id) 
    values
        (?, ?, ?, ?, ?, default)
Hibernate: 
    insert 
    into
        question
        (author_id, content, create_date, modify_date, subject, id) 
    values
        (?, ?, ?, ?, ?, default)
Hibernate: 
    insert 
    into
        question
        (author_id, content, create_date, modify_date, subject, id) 
    values
        (?, ?, ?, ?, ?, default)
Hibernate: 
    insert 
    into
        question
        (author_id, content, create_date, modify_date, subject, id) 
    values
        (?, ?, ?, ?, ?, default)
Hibernate: 
    insert 
    into
        question
        (author_id, content, create_date, modify_date, subject, id) 
    values
        (?, ?, ?, ?, ?, default)
Hibernate: 
    insert 
    into
        question
        (author_id, content, create_date, modify_date, subject, id) 
    values
        (?, ?, ?, ?, ?, default)
Hibernate: 
    insert 
    into
        question
        (author_id, content, create_date, modify_date, subject, id) 
    values
        (?, ?, ?, ?, ?, default)
Hibernate: 
    insert 
    into
        question
        (author_id, content, create_date, modify_date, subject, id) 
    values
        (?, ?, ?, ?, ?, default)
Hibernate: 
    insert 
    into
        question
        (author_id, content, create_date, modify_date, subject, id) 
    values
        (?, ?, ?, ?, ?, default)
Hibernate: 
    insert 
    into
        question
        (author_id, content, create_date, modify_date, subject, id) 
    values
        (?, ?, ?, ?, ?, default)
Hibernate: 
    insert 
    into
        question
        (author_id, content, create_date, modify_date, subject, id) 
    values
        (?, ?, ?, ?, ?, default)
Hibernate: 
    insert 
    into
        question
        (author_id, content, create_date, modify_date, subject, id) 
    values
        (?, ?, ?, ?, ?, default)
Hibernate: 
    insert 
    into
        question
        (author_id, content, create_date, modify_date, subject, id) 
    values
        (?, ?, ?, ?, ?, default)
Hibernate: 
    insert 
    into
        question
        (author_id, content, create_date, modify_date, subject, id) 
    values
        (?, ?, ?, ?, ?, default)
Hibernate: 
    insert 
    into
        question
        (author_id, content, create_date, modify_date, subject, id) 
    values
        (?, ?, ?, ?, ?, default)
Hibernate: 
    insert 
    into
        question
        (author_id, content, create_date, modify_date, subject, id) 
    values
        (?, ?, ?, ?, ?, default)
Hibernate: 
    insert 
    into
        question
        (author_id, content, create_date, modify_date, subject, id) 
    values
        (?, ?, ?, ?, ?, default)
Hibernate: 
    insert 
    into
        question
        (author_id, content, create_date, modify_date, subject, id) 
    values
        (?, ?, ?, ?, ?, default)
Hibernate: 
    insert 
    into
        question
        (author_id, content, create_date, modify_date, subject, id) 
    values
        (?, ?, ?, ?, ?, default)
Hibernate: 
    insert 
    into
        question
        (author_id, content, create_date, modify_date, subject, id) 
    values
        (?, ?, ?, ?, ?, default)
Hibernate: 
    insert 
    into
        question
        (author_id, content, create_date, modify_date, subject, id) 
    values
        (?, ?, ?, ?, ?, default)
Hibernate: 
    insert 
    into
        question
        (author_id, content, create_date, modify_date, subject, id) 
    values
        (?, ?, ?, ?, ?, default)
Hibernate: 
    insert 
    into
        question
        (author_id, content, create_date, modify_date, subject, id) 
    values
        (?, ?, ?, ?, ?, default)
Hibernate: 
    insert 
    into
        question
        (author_id, content, create_date, modify_date, subject, id) 
    values
        (?, ?, ?, ?, ?, default)
Hibernate: 
    insert 
    into
        question
        (author_id, content, create_date, modify_date, subject, id) 
    values
        (?, ?, ?, ?, ?, default)
Hibernate: 
    insert 
    into
        question
        (author_id, content, create_date, modify_date, subject, id) 
    values
        (?, ?, ?, ?, ?, default)
Hibernate: 
    insert 
    into
        question
        (author_id, content, create_date, modify_date, subject, id) 
    values
        (?, ?, ?, ?, ?, default)
Hibernate: 
    insert 
    into
        question
        (author_id, content, create_date, modify_date, subject, id) 
    values
        (?, ?, ?, ?, ?, default)
Hibernate: 
    insert 
    into
        question
        (author_id, content, create_date, modify_date, subject, id) 
    values
        (?, ?, ?, ?, ?, default)
Hibernate: 
    insert 
    into
        question
        (author_id, content, create_date, modify_date, subject, id) 
    values
        (?, ?, ?, ?, ?, default)
Hibernate: 
    insert 
    into
        question
        (author_id, content, create_date, modify_date, subject, id) 
    values
        (?, ?, ?, ?, ?, default)
Hibernate: 
    insert 
    into
        question
        (author_id, content, create_date, modify_date, subject, id) 
    values
        (?, ?, ?, ?, ?, default)
Hibernate: 
    insert 
    into
        question
        (author_id, content, create_date, modify_date, subject, id) 
    values
        (?, ?, ?, ?, ?, default)
Hibernate: 
    insert 
    into
        question
        (author_id, content, create_date, modify_date, subject, id) 
    values
        (?, ?, ?, ?, ?, default)
Hibernate: 
    insert 
    into
        question
        (author_id, content, create_date, modify_date, subject, id) 
    values
        (?, ?, ?, ?, ?, default)
Hibernate: 
    insert 
    into
        question
        (author_id, content, create_date, modify_date, subject, id) 
    values
        (?, ?, ?, ?, ?, default)
Hibernate: 
    insert 
    into
        question
        (author_id, content, create_date, modify_date, subject, id) 
    values
        (?, ?, ?, ?, ?, default)
Hibernate: 
    insert 
    into
        question
        (author_id, content, create_date, modify_date, subject, id) 
    values
        (?, ?, ?, ?, ?, default)
Hibernate: 
    insert 
    into
        question
        (author_id, content, create_date, modify_date, subject, id) 
    values
        (?, ?, ?, ?, ?, default)
Hibernate: 
    insert 
    into
        question
        (author_id, content, create_date, modify_date, subject, id) 
    values
        (?, ?, ?, ?, ?, default)
Hibernate: 
    insert 
    into
        question
        (author_id, content, create_date, modify_date, subject, id) 
    values
        (?, ?, ?, ?, ?, default)
Hibernate: 
    insert 
    into
        question
        (author_id, content, create_date, modify_date, subject, id) 
    values
        (?, ?, ?, ?, ?, default)
Hibernate: 
    insert 
    into
        question
        (author_id, content, create_date, modify_date, subject, id) 
    values
        (?, ?, ?, ?, ?, default)
Hibernate: 
    insert 
    into
        question
        (author_id, content, create_date, modify_date, subject, id) 
    values
        (?, ?, ?, ?, ?, default)
Hibernate: 
    insert 
    into
        question
        (author_id, content, create_date, modify_date, subject, id) 
    values
        (?, ?, ?, ?, ?, default)
Hibernate: 
    insert 
    into
        question
        (author_id, content, create_date, modify_date, subject, id) 
    values
        (?, ?, ?, ?, ?, default)
Hibernate: 
    insert 
    into
        question
        (author_id, content, create_date, modify_date, subject, id) 
    values
        (?, ?, ?, ?, ?, default)
Hibernate: 
    insert 
    into
        question
        (author_id, content, create_date, modify_date, subject, id) 
    values
        (?, ?, ?, ?, ?, default)
Hibernate: 
    insert 
    into
        question
        (author_id, content, create_date, modify_date, subject, id) 
    values
        (?, ?, ?, ?, ?, default)
Hibernate: 
    insert 
    into
        question
        (author_id, content, create_date, modify_date, subject, id) 
    values
        (?, ?, ?, ?, ?, default)
Hibernate: 
    insert 
    into
        question
        (author_id, content, create_date, modify_date, subject, id) 
    values
        (?, ?, ?, ?, ?, default)
Hibernate: 
    insert 
    into
        question
        (author_id, content, create_date, modify_date, subject, id) 
    values
        (?, ?, ?, ?, ?, default)
Hibernate: 
    insert 
    into
        question
        (author_id, content, create_date, modify_date, subject, id) 
    values
        (?, ?, ?, ?, ?, default)
Hibernate: 
    insert 
    into
        question
        (author_id, content, create_date, modify_date, subject, id) 
    values
        (?, ?, ?, ?, ?, default)
Hibernate: 
    insert 
    into
        question
        (author_id, content, create_date, modify_date, subject, id) 
    values
        (?, ?, ?, ?, ?, default)
Hibernate: 
    insert 
    into
        question
        (author_id, content, create_date, modify_date, subject, id) 
    values
        (?, ?, ?, ?, ?, default)
Hibernate: 
    insert 
    into
        question
        (author_id, content, create_date, modify_date, subject, id) 
    values
        (?, ?, ?, ?, ?, default)
Hibernate: 
    insert 
    into
        question
        (author_id, content, create_date, modify_date, subject, id) 
    values
        (?, ?, ?, ?, ?, default)
Hibernate: 
    insert 
    into
        question
        (author_id, content, create_date, modify_date, subject, id) 
    values
        (?, ?, ?, ?, ?, default)
Hibernate: 
    insert 
    into
        question
        (author_id, content, create_date, modify_date, subject, id) 
    values
        (?, ?, ?, ?, ?, default)
Hibernate: 
    insert 
    into
        question
        (author_id, content, create_date, modify_date, subject, id) 
    values
        (?, ?, ?, ?, ?, default)
Hibernate: 
    insert 
    into
        question
        (author_id, content, create_date, modify_date, subject, id) 
    values
        (?, ?, ?, ?, ?, default)
Hibernate: 
    insert 
    into
        question
        (author_id, content, create_date, modify_date, subject, id) 
    values
        (?, ?, ?, ?, ?, default)
Hibernate: 
    insert 
    into
        question
        (author_id, content, create_date, modify_date, subject, id) 
    values
        (?, ?, ?, ?, ?, default)
Hibernate: 
    insert 
    into
        question
        (author_id, content, create_date, modify_date, subject, id) 
    values
        (?, ?, ?, ?, ?, default)
Hibernate: 
    insert 
    into
        question
        (author_id, content, create_date, modify_date, subject, id) 
    values
        (?, ?, ?, ?, ?, default)
Hibernate: 
    insert 
    into
        question
        (author_id, content, create_date, modify_date, subject, id) 
    values
        (?, ?, ?, ?, ?, default)
Hibernate: 
    insert 
    into
        question
        (author_id, content, create_date, modify_date, subject, id) 
    values
        (?, ?, ?, ?, ?, default)
Hibernate: 
    insert 
    into
        question
        (author_id, content, create_date, modify_date, subject, id) 
    values
        (?, ?, ?, ?, ?, default)
Hibernate: 
    insert 
    into
        question
        (author_id, content, create_date, modify_date, subject, id) 
    values
        (?, ?, ?, ?, ?, default)
Hibernate: 
    insert 
    into
        question
        (author_id, content, create_date, modify_date, subject, id) 
    values
        (?, ?, ?, ?, ?, default)
Hibernate: 
    insert 
    into
        question
        (author_id, content, create_date, modify_date, subject, id) 
    values
        (?, ?, ?, ?, ?, default)
Hibernate: 
    insert 
    into
        question
        (author_id, content, create_date, modify_date, subject, id) 
    values
        (?, ?, ?, ?, ?, default)
Hibernate: 
    insert 
    into
        question
        (author_id, content, create_date, modify_date, subject, id) 
    values
        (?, ?, ?, ?, ?, default)
Hibernate: 
    insert 
    into
        question
        (author_id, content, create_date, modify_date, subject, id) 
    values
        (?, ?, ?, ?, ?, default)
Hibernate: 
    insert 
    into
        question
        (author_id, content, create_date, modify_date, subject, id) 
    values
        (?, ?, ?, ?, ?, default)
Hibernate: 
    insert 
    into
        question
        (author_id, content, create_date, modify_date, subject, id) 
    values
        (?, ?, ?, ?, ?, default)
Hibernate: 
    insert 
    into
        question
        (author_id, content, create_date, modify_date, subject, id) 
    values
        (?, ?, ?, ?, ?, default)
Hibernate: 
    insert 
    into
        question
        (author_id, content, create_date, modify_date, subject, id) 
    values
        (?, ?, ?, ?, ?, default)
Hibernate: 
    insert 
    into
        question
        (author_id, content, create_date, modify_date, subject, id) 
    values
        (?, ?, ?, ?, ?, default)
Hibernate: 
    insert 
    into
        question
        (author_id, content, create_date, modify_date, subject, id) 
    values
        (?, ?, ?, ?, ?, default)
Hibernate: 
    insert 
    into
        question
        (author_id, content, create_date, modify_date, subject, id) 
    values
        (?, ?, ?, ?, ?, default)
Hibernate: 
    insert 
    into
        question
        (author_id, content, create_date, modify_date, subject, id) 
    values
        (?, ?, ?, ?, ?, default)
Hibernate: 
    insert 
    into
        question
        (author_id, content, create_date, modify_date, subject, id) 
    values
        (?, ?, ?, ?, ?, default)
Hibernate: 
    insert 
    into
        question
        (author_id, content, create_date, modify_date, subject, id) 
    values
        (?, ?, ?, ?, ?, default)
Hibernate: 
    insert 
    into
        question
        (author_id, content, create_date, modify_date, subject, id) 
    values
        (?, ?, ?, ?, ?, default)
Hibernate: 
    insert 
    into
        question
        (author_id, content, create_date, modify_date, subject, id) 
    values
        (?, ?, ?, ?, ?, default)
Hibernate: 
    insert 
    into
        question
        (author_id, content, create_date, modify_date, subject, id) 
    values
        (?, ?, ?, ?, ?, default)
Hibernate: 
    insert 
    into
        question
        (author_id, content, create_date, modify_date, subject, id) 
    values
        (?, ?, ?, ?, ?, default)
Hibernate: 
    insert 
    into
        question
        (author_id, content, create_date, modify_date, subject, id) 
    values
        (?, ?, ?, ?, ?, default)
Hibernate: 
    insert 
    into
        question
        (author_id, content, create_date, modify_date, subject, id) 
    values
        (?, ?, ?, ?, ?, default)
Hibernate: 
    insert 
    into
        question
        (author_id, content, create_date, modify_date, subject, id) 
    values
        (?, ?, ?, ?, ?, default)
Hibernate: 
    insert 
    into
        question
        (author_id, content, create_date, modify_date, subject, id) 
    values
        (?, ?, ?, ?, ?, default)
Hibernate: 
    insert 
    into
        question
        (author_id, content, create_date, modify_date, subject, id) 
    values
        (?, ?, ?, ?, ?, default)
Hibernate: 
    insert 
    into
        question
        (author_id, content, create_date, modify_date, subject, id) 
    values
        (?, ?, ?, ?, ?, default)
Hibernate: 
    insert 
    into
        question
        (author_id, content, create_date, modify_date, subject, id) 
    values
        (?, ?, ?, ?, ?, default)
Hibernate: 
    insert 
    into
        question
        (author_id, content, create_date, modify_date, subject, id) 
    values
        (?, ?, ?, ?, ?, default)
Hibernate: 
    insert 
    into
        question
        (author_id, content, create_date, modify_date, subject, id) 
    values
        (?, ?, ?, ?, ?, default)
Hibernate: 
    insert 
    into
        question
        (author_id, content, create_date, modify_date, subject, id) 
    values
        (?, ?, ?, ?, ?, default)
Hibernate: 
    insert 
    into
        question
        (author_id, content, create_date, modify_date, subject, id) 
    values
        (?, ?, ?, ?, ?, default)
Hibernate: 
    insert 
    into
        question
        (author_id, content, create_date, modify_date, subject, id) 
    values
        (?, ?, ?, ?, ?, default)
Hibernate: 
    insert 
    into
        question
        (author_id, content, create_date, modify_date, subject, id) 
    values
        (?, ?, ?, ?, ?, default)
Hibernate: 
    insert 
    into
        question
        (author_id, content, create_date, modify_date, subject, id) 
    values
        (?, ?, ?, ?, ?, default)
Hibernate: 
    insert 
    into
        question
        (author_id, content, create_date, modify_date, subject, id) 
    values
        (?, ?, ?, ?, ?, default)
Hibernate: 
    insert 
    into
        question
        (author_id, content, create_date, modify_date, subject, id) 
    values
        (?, ?, ?, ?, ?, default)
Hibernate: 
    insert 
    into
        question
        (author_id, content, create_date, modify_date, subject, id) 
    values
        (?, ?, ?, ?, ?, default)
Hibernate: 
    insert 
    into
        question
        (author_id, content, create_date, modify_date, subject, id) 
    values
        (?, ?, ?, ?, ?, default)
Hibernate: 
    insert 
    into
        question
        (author_id, content, create_date, modify_date, subject, id) 
    values
        (?, ?, ?, ?, ?, default)
Hibernate: 
    insert 
    into
        question
        (author_id, content, create_date, modify_date, subject, id) 
    values
        (?, ?, ?, ?, ?, default)
Hibernate: 
    insert 
    into
        question
        (author_id, content, create_date, modify_date, subject, id) 
    values
        (?, ?, ?, ?, ?, default)
Hibernate: 
    insert 
    into
        question
        (author_id, content, create_date, modify_date, subject, id) 
    values
        (?, ?, ?, ?, ?, default)
Hibernate: 
    insert 
    into
        question
        (author_id, content, create_date, modify_date, subject, id) 
    values
        (?, ?, ?, ?, ?, default)
Hibernate: 
    insert 
    into
        question
        (author_id, content, create_date, modify_date, subject, id) 
    values
        (?, ?, ?, ?, ?, default)
Hibernate: 
    insert 
    into
        question
        (author_id, content, create_date, modify_date, subject, id) 
    values
        (?, ?, ?, ?, ?, default)
Hibernate: 
    insert 
    into
        question
        (author_id, content, create_date, modify_date, subject, id) 
    values
        (?, ?, ?, ?, ?, default)
Hibernate: 
    insert 
    into
        question
        (author_id, content, create_date, modify_date, subject, id) 
    values
        (?, ?, ?, ?, ?, default)
Hibernate: 
    insert 
    into
        question
        (author_id, content, create_date, modify_date, subject, id) 
    values
        (?, ?, ?, ?, ?, default)
Hibernate: 
    insert 
    into
        question
        (author_id, content, create_date, modify_date, subject, id) 
    values
        (?, ?, ?, ?, ?, default)
Hibernate: 
    insert 
    into
        question
        (author_id, content, create_date, modify_date, subject, id) 
    values
        (?, ?, ?, ?, ?, default)
Hibernate: 
    insert 
    into
        question
        (author_id, content, create_date, modify_date, subject, id) 
    values
        (?, ?, ?, ?, ?, default)
Hibernate: 
    insert 
    into
        question
        (author_id, content, create_date, modify_date, subject, id) 
    values
        (?, ?, ?, ?, ?, default)
Hibernate: 
    insert 
    into
        question
        (author_id, content, create_date, modify_date, subject, id) 
    values
        (?, ?, ?, ?, ?, default)
Hibernate: 
    insert 
    into
        question
        (author_id, content, create_date, modify_date, subject, id) 
    values
        (?, ?, ?, ?, ?, default)
Hibernate: 
    insert 
    into
        question
        (author_id, content, create_date, modify_date, subject, id) 
    values
        (?, ?, ?, ?, ?, default)
Hibernate: 
    insert 
    into
        question
        (author_id, content, create_date, modify_date, subject, id) 
    values
        (?, ?, ?, ?, ?, default)
Hibernate: 
    insert 
    into
        question
        (author_id, content, create_date, modify_date, subject, id) 
    values
        (?, ?, ?, ?, ?, default)
Hibernate: 
    insert 
    into
        question
        (author_id, content, create_date, modify_date, subject, id) 
    values
        (?, ?, ?, ?, ?, default)
Hibernate: 
    insert 
    into
        question
        (author_id, content, create_date, modify_date, subject, id) 
    values
        (?, ?, ?, ?, ?, default)
Hibernate: 
    insert 
    into
        question
        (author_id, content, create_date, modify_date, subject, id) 
    values
        (?, ?, ?, ?, ?, default)
Hibernate: 
    insert 
    into
        question
        (author_id, content, create_date, modify_date, subject, id) 
    values
        (?, ?, ?, ?, ?, default)
Hibernate: 
    insert 
    into
        question
        (author_id, content, create_date, modify_date, subject, id) 
    values
        (?, ?, ?, ?, ?, default)
Hibernate: 
    insert 
    into
        question
        (author_id, content, create_date, modify_date, subject, id) 
    values
        (?, ?, ?, ?, ?, default)
Hibernate: 
    insert 
    into
        question
        (author_id, content, create_date, modify_date, subject, id) 
    values
        (?, ?, ?, ?, ?, default)
Hibernate: 
    insert 
    into
        question
        (author_id, content, create_date, modify_date, subject, id) 
    values
        (?, ?, ?, ?, ?, default)
Hibernate: 
    insert 
    into
        question
        (author_id, content, create_date, modify_date, subject, id) 
    values
        (?, ?, ?, ?, ?, default)
Hibernate: 
    insert 
    into
        question
        (author_id, content, create_date, modify_date, subject, id) 
    values
        (?, ?, ?, ?, ?, default)
Hibernate: 
    insert 
    into
        question
        (author_id, content, create_date, modify_date, subject, id) 
    values
        (?, ?, ?, ?, ?, default)
Hibernate: 
    insert 
    into
        question
        (author_id, content, create_date, modify_date, subject, id) 
    values
        (?, ?, ?, ?, ?, default)
Hibernate: 
    insert 
    into
        question
        (author_id, content, create_date, modify_date, subject, id) 
    values
        (?, ?, ?, ?, ?, default)
Hibernate: 
    insert 
    into
        question
        (author_id, content, create_date, modify_date, subject, id) 
    values
        (?, ?, ?, ?, ?, default)
Hibernate: 
    insert 
    into
        question
        (author_id, content, create_date, modify_date, subject, id) 
    values
        (?, ?, ?, ?, ?, default)
Hibernate: 
    insert 
    into
        question
        (author_id, content, create_date, modify_date, subject, id) 
    values
        (?, ?, ?, ?, ?, default)
Hibernate: 
    insert 
    into
        question
        (author_id, content, create_date, modify_date, subject, id) 
    values
        (?, ?, ?, ?, ?, default)
Hibernate: 
    insert 
    into
        question
        (author_id, content, create_date, modify_date, subject, id) 
    values
        (?, ?, ?, ?, ?, default)
Hibernate: 
    insert 
    into
        question
        (author_id, content, create_date, modify_date, subject, id) 
    values
        (?, ?, ?, ?, ?, default)
Hibernate: 
    insert 
    into
        question
        (author_id, content, create_date, modify_date, subject, id) 
    values
        (?, ?, ?, ?, ?, default)
Hibernate: 
    insert 
    into
        question
        (author_id, content, create_date, modify_date, subject, id) 
    values
        (?, ?, ?, ?, ?, default)
Hibernate: 
    insert 
    into
        question
        (author_id, content, create_date, modify_date, subject, id) 
    values
        (?, ?, ?, ?, ?, default)
Hibernate: 
    insert 
    into
        question
        (author_id, content, create_date, modify_date, subject, id) 
    values
        (?, ?, ?, ?, ?, default)
Hibernate: 
    insert 
    into
        question
        (author_id, content, create_date, modify_date, subject, id) 
    values
        (?, ?, ?, ?, ?, default)
Hibernate: 
    insert 
    into
        question
        (author_id, content, create_date, modify_date, subject, id) 
    values
        (?, ?, ?, ?, ?, default)
Hibernate: 
    insert 
    into
        question
        (author_id, content, create_date, modify_date, subject, id) 
    values
        (?, ?, ?, ?, ?, default)
Hibernate: 
    insert 
    into
        question
        (author_id, content, create_date, modify_date, subject, id) 
    values
        (?, ?, ?, ?, ?, default)
Hibernate: 
    insert 
    into
        question
        (author_id, content, create_date, modify_date, subject, id) 
    values
        (?, ?, ?, ?, ?, default)
Hibernate: 
    insert 
    into
        question
        (author_id, content, create_date, modify_date, subject, id) 
    values
        (?, ?, ?, ?, ?, default)
Hibernate: 
    insert 
    into
        question
        (author_id, content, create_date, modify_date, subject, id) 
    values
        (?, ?, ?, ?, ?, default)
Hibernate: 
    insert 
    into
        question
        (author_id, content, create_date, modify_date, subject, id) 
    values
        (?, ?, ?, ?, ?, default)
Hibernate: 
    insert 
    into
        question
        (author_id, content, create_date, modify_date, subject, id) 
    values
        (?, ?, ?, ?, ?, default)
Hibernate: 
    insert 
    into
        question
        (author_id, content, create_date, modify_date, subject, id) 
    values
        (?, ?, ?, ?, ?, default)
Hibernate: 
    insert 
    into
        question
        (author_id, content, create_date, modify_date, subject, id) 
    values
        (?, ?, ?, ?, ?, default)
Hibernate: 
    insert 
    into
        question
        (author_id, content, create_date, modify_date, subject, id) 
    values
        (?, ?, ?, ?, ?, default)
Hibernate: 
    insert 
    into
        question
        (author_id, content, create_date, modify_date, subject, id) 
    values
        (?, ?, ?, ?, ?, default)
Hibernate: 
    insert 
    into
        question
        (author_id, content, create_date, modify_date, subject, id) 
    values
        (?, ?, ?, ?, ?, default)
Hibernate: 
    insert 
    into
        question
        (author_id, content, create_date, modify_date, subject, id) 
    values
        (?, ?, ?, ?, ?, default)
Hibernate: 
    insert 
    into
        question
        (author_id, content, create_date, modify_date, subject, id) 
    values
        (?, ?, ?, ?, ?, default)
Hibernate: 
    insert 
    into
        question
        (author_id, content, create_date, modify_date, subject, id) 
    values
        (?, ?, ?, ?, ?, default)
Hibernate: 
    insert 
    into
        question
        (author_id, content, create_date, modify_date, subject, id) 
    values
        (?, ?, ?, ?, ?, default)
Hibernate: 
    insert 
    into
        question
        (author_id, content, create_date, modify_date, subject, id) 
    values
        (?, ?, ?, ?, ?, default)
Hibernate: 
    insert 
    into
        question
        (author_id, content, create_date, modify_date, subject, id) 
    values
        (?, ?, ?, ?, ?, default)
Hibernate: 
    insert 
    into
        question
        (author_id, content, create_date, modify_date, subject, id) 
    values
        (?, ?, ?, ?, ?, default)
Hibernate: 
    insert 
    into
        question
        (author_id, content, create_date, modify_date, subject, id) 
    values
        (?, ?, ?, ?, ?, default)
Hibernate: 
    insert 
    into
        question
        (author_id, content, create_date, modify_date, subject, id) 
    values
        (?, ?, ?, ?, ?, default)
Hibernate: 
    insert 
    into
        question
        (author_id, content, create_date, modify_date, subject, id) 
    values
        (?, ?, ?, ?, ?, default)
Hibernate: 
    insert 
    into
        question
        (author_id, content, create_date, modify_date, subject, id) 
    values
        (?, ?, ?, ?, ?, default)
Hibernate: 
    insert 
    into
        question
        (author_id, content, create_date, modify_date, subject, id) 
    values
        (?, ?, ?, ?, ?, default)
Hibernate: 
    insert 
    into
        question
        (author_id, content, create_date, modify_date, subject, id) 
    values
        (?, ?, ?, ?, ?, default)
Hibernate: 
    insert 
    into
        question
        (author_id, content, create_date, modify_date, subject, id) 
    values
        (?, ?, ?, ?, ?, default)
Hibernate: 
    insert 
    into
        question
        (author_id, content, create_date, modify_date, subject, id) 
    values
        (?, ?, ?, ?, ?, default)
Hibernate: 
    insert 
    into
        question
        (author_id, content, create_date, modify_date, subject, id) 
    values
        (?, ?, ?, ?, ?, default)
Hibernate: 
    insert 
    into
        question
        (author_id, content, create_date, modify_date, subject, id) 
    values
        (?, ?, ?, ?, ?, default)
Hibernate: 
    insert 
    into
        question
        (author_id, content, create_date, modify_date, subject, id) 
    values
        (?, ?, ?, ?, ?, default)
Hibernate: 
    insert 
    into
        question
        (author_id, content, create_date, modify_date, subject, id) 
    values
        (?, ?, ?, ?, ?, default)
Hibernate: 
    insert 
    into
        question
        (author_id, content, create_date, modify_date, subject, id) 
    values
        (?, ?, ?, ?, ?, default)
Hibernate: 
    insert 
    into
        question
        (author_id, content, create_date, modify_date, subject, id) 
    values
        (?, ?, ?, ?, ?, default)
Hibernate: 
    insert 
    into
        question
        (author_id, content, create_date, modify_date, subject, id) 
    values
        (?, ?, ?, ?, ?, default)
Hibernate: 
    insert 
    into
        question
        (author_id, content, create_date, modify_date, subject, id) 
    values
        (?, ?, ?, ?, ?, default)
Hibernate: 
    insert 
    into
        question
        (author_id, content, create_date, modify_date, subject, id) 
    values
        (?, ?, ?, ?, ?, default)
Hibernate: 
    insert 
    into
        question
        (author_id, content, create_date, modify_date, subject, id) 
    values
        (?, ?, ?, ?, ?, default)
Hibernate: 
    insert 
    into
        question
        (author_id, content, create_date, modify_date, subject, id) 
    values
        (?, ?, ?, ?, ?, default)
Hibernate: 
    insert 
    into
        question
        (author_id, content, create_date, modify_date, subject, id) 
    values
        (?, ?, ?, ?, ?, default)
Hibernate: 
    insert 
    into
        question
        (author_id, content, create_date, modify_date, subject, id) 
    values
        (?, ?, ?, ?, ?, default)
Hibernate: 
    insert 
    into
        question
        (author_id, content, create_date, modify_date, subject, id) 
    values
        (?, ?, ?, ?, ?, default)
Hibernate: 
    insert 
    into
        question
        (author_id, content, create_date, modify_date, subject, id) 
    values
        (?, ?, ?, ?, ?, default)
Hibernate: 
    insert 
    into
        question
        (author_id, content, create_date, modify_date, subject, id) 
    values
        (?, ?, ?, ?, ?, default)
Hibernate: 
    insert 
    into
        question
        (author_id, content, create_date, modify_date, subject, id) 
    values
        (?, ?, ?, ?, ?, default)
Hibernate: 
    insert 
    into
        question
        (author_id, content, create_date, modify_date, subject, id) 
    values
        (?, ?, ?, ?, ?, default)
Hibernate: 
    insert 
    into
        question
        (author_id, content, create_date, modify_date, subject, id) 
    values
        (?, ?, ?, ?, ?, default)
Hibernate: 
    insert 
    into
        question
        (author_id, content, create_date, modify_date, subject, id) 
    values
        (?, ?, ?, ?, ?, default)
Hibernate: 
    insert 
    into
        question
        (author_id, content, create_date, modify_date, subject, id) 
    values
        (?, ?, ?, ?, ?, default)
Hibernate: 
    insert 
    into
        question
        (author_id, content, create_date, modify_date, subject, id) 
    values
        (?, ?, ?, ?, ?, default)
Hibernate: 
    insert 
    into
        question
        (author_id, content, create_date, modify_date, subject, id) 
    values
        (?, ?, ?, ?, ?, default)
Hibernate: 
    insert 
    into
        question
        (author_id, content, create_date, modify_date, subject, id) 
    values
        (?, ?, ?, ?, ?, default)
Hibernate: 
    insert 
    into
        question
        (author_id, content, create_date, modify_date, subject, id) 
    values
        (?, ?, ?, ?, ?, default)
Hibernate: 
    insert 
    into
        question
        (author_id, content, create_date, modify_date, subject, id) 
    values
        (?, ?, ?, ?, ?, default)
Hibernate: 
    insert 
    into
        question
        (author_id, content, create_date, modify_date, subject, id) 
    values
        (?, ?, ?, ?, ?, default)
Hibernate: 
    insert 
    into
        question
        (author_id, content, create_date, modify_date, subject, id) 
    values
        (?, ?, ?, ?, ?, default)
Hibernate: 
    insert 
    into
        question
        (author_id, content, create_date, modify_date, subject, id) 
    values
        (?, ?, ?, ?, ?, default)
Hibernate: 
    insert 
    into
        question
        (author_id, content, create_date, modify_date, subject, id) 
    values
        (?, ?, ?, ?, ?, default)
Hibernate: 
    insert 
    into
        question
        (author_id, content, create_date, modify_date, subject, id) 
    values
        (?, ?, ?, ?, ?, default)
Hibernate: 
    insert 
    into
        question
        (author_id, content, create_date, modify_date, subject, id) 
    values
        (?, ?, ?, ?, ?, default)
Hibernate: 
    insert 
    into
        question
        (author_id, content, create_date, modify_date, subject, id) 
    values
        (?, ?, ?, ?, ?, default)
Hibernate: 
    insert 
    into
        question
        (author_id, content, create_date, modify_date, subject, id) 
    values
        (?, ?, ?, ?, ?, default)
Hibernate: 
    insert 
    into
        question
        (author_id, content, create_date, modify_date, subject, id) 
    values
        (?, ?, ?, ?, ?, default)
Hibernate: 
    insert 
    into
        question
        (author_id, content, create_date, modify_date, subject, id) 
    values
        (?, ?, ?, ?, ?, default)
Hibernate: 
    insert 
    into
        question
        (author_id, content, create_date, modify_date, subject, id) 
    values
        (?, ?, ?, ?, ?, default)
Hibernate: 
    insert 
    into
        question
        (author_id, content, create_date, modify_date, subject, id) 
    values
        (?, ?, ?, ?, ?, default)
Hibernate: 
    insert 
    into
        question
        (author_id, content, create_date, modify_date, subject, id) 
    values
        (?, ?, ?, ?, ?, default)
Hibernate: 
    insert 
    into
        question
        (author_id, content, create_date, modify_date, subject, id) 
    values
        (?, ?, ?, ?, ?, default)
Hibernate: 
    insert 
    into
        question
        (author_id, content, create_date, modify_date, subject, id) 
    values
        (?, ?, ?, ?, ?, default)
Hibernate: 
    insert 
    into
        question
        (author_id, content, create_date, modify_date, subject, id) 
    values
        (?, ?, ?, ?, ?, default)
Hibernate: 
    insert 
    into
        question
        (author_id, content, create_date, modify_date, subject, id) 
    values
        (?, ?, ?, ?, ?, default)
Hibernate: 
    insert 
    into
        question
        (author_id, content, create_date, modify_date, subject, id) 
    values
        (?, ?, ?, ?, ?, default)
Hibernate: 
    insert 
    into
        question
        (author_id, content, create_date, modify_date, subject, id) 
    values
        (?, ?, ?, ?, ?, default)
Hibernate: 
    insert 
    into
        question
        (author_id, content, create_date, modify_date, subject, id) 
    values
        (?, ?, ?, ?, ?, default)
Hibernate: 
    insert 
    into
        question
        (author_id, content, create_date, modify_date, subject, id) 
    values
        (?, ?, ?, ?, ?, default)
Hibernate: 
    insert 
    into
        question
        (author_id, content, create_date, modify_date, subject, id) 
    values
        (?, ?, ?, ?, ?, default)
Hibernate: 
    insert 
    into
        question
        (author_id, content, create_date, modify_date, subject, id) 
    values
        (?, ?, ?, ?, ?, default)
Hibernate: 
    insert 
    into
        question
        (author_id, content, create_date, modify_date, subject, id) 
    values
        (?, ?, ?, ?, ?, default)
Hibernate: 
    insert 
    into
        question
        (author_id, content, create_date, modify_date, subject, id) 
    values
        (?, ?, ?, ?, ?, default)
Hibernate: 
    insert 
    into
        question
        (author_id, content, create_date, modify_date, subject, id) 
    values
        (?, ?, ?, ?, ?, default)
Hibernate: 
    insert 
    into
        question
        (author_id, content, create_date, modify_date, subject, id) 
    values
        (?, ?, ?, ?, ?, default)
Hibernate: 
    insert 
    into
        question
        (author_id, content, create_date, modify_date, subject, id) 
    values
        (?, ?, ?, ?, ?, default)
Hibernate: 
    insert 
    into
        question
        (author_id, content, create_date, modify_date, subject, id) 
    values
        (?, ?, ?, ?, ?, default)
Hibernate: 
    insert 
    into
        question
        (author_id, content, create_date, modify_date, subject, id) 
    values
        (?, ?, ?, ?, ?, default)
Hibernate: 
    insert 
    into
        question
        (author_id, content, create_date, modify_date, subject, id) 
    values
        (?, ?, ?, ?, ?, default)
Hibernate: 
    insert 
    into
        question
        (author_id, content, create_date, modify_date, subject, id) 
    values
        (?, ?, ?, ?, ?, default)
Hibernate: 
    insert 
    into
        question
        (author_id, content, create_date, modify_date, subject, id) 
    values
        (?, ?, ?, ?, ?, default)
Hibernate: 
    insert 
    into
        question
        (author_id, content, create_date, modify_date, subject, id) 
    values
        (?, ?, ?, ?, ?, default)
Hibernate: 
    insert 
    into
        question
        (author_id, content, create_date, modify_date, subject, id) 
    values
        (?, ?, ?, ?, ?, default)
Hibernate: 
    insert 
    into
        question
        (author_id, content, create_date, modify_date, subject, id) 
    values
        (?, ?, ?, ?, ?, default)
]]></system-out>
  <system-err><![CDATA[]]></system-err>
</testsuite>
